0 info it worked if it ends with ok
1 verbose cli [ 'C:\\Program Files\\nodejs\\node.exe',
1 verbose cli   'C:\\Program Files\\nodejs\\node_modules\\npm\\bin\\npm-cli.js',
1 verbose cli   'install',
1 verbose cli   'generator-sm:ionicpage' ]
2 info using npm@3.8.6
3 info using node@v6.1.0
4 silly loadCurrentTree Starting
5 silly install loadCurrentTree
6 silly install readLocalPackageData
7 silly fetchPackageMetaData generator-sm:ionicpage
8 silly fetchPackageMetaData Error: Unsupported URL Type: generator-sm:ionicpage
8 silly fetchPackageMetaData     at parseUrl (C:\Program Files\nodejs\node_modules\npm\node_modules\npm-package-arg\npa.js:169:13)
8 silly fetchPackageMetaData     at npa (C:\Program Files\nodejs\node_modules\npm\node_modules\npm-package-arg\npa.js:75:12)
8 silly fetchPackageMetaData     at module.exports (C:\Program Files\nodejs\node_modules\npm\node_modules\realize-package-specifier\index.js:12:15)
8 silly fetchPackageMetaData     at fetchPackageMetadata (C:\Program Files\nodejs\node_modules\npm\lib\fetch-package-metadata.js:54:12)
8 silly fetchPackageMetaData     at C:\Program Files\nodejs\node_modules\npm\lib\install\deps.js:181:5
8 silly fetchPackageMetaData     at C:\Program Files\nodejs\node_modules\npm\node_modules\slide\lib\async-map.js:52:35
8 silly fetchPackageMetaData     at Array.forEach (native)
8 silly fetchPackageMetaData     at C:\Program Files\nodejs\node_modules\npm\node_modules\slide\lib\async-map.js:52:11
8 silly fetchPackageMetaData     at Array.forEach (native)
8 silly fetchPackageMetaData     at asyncMap (C:\Program Files\nodejs\node_modules\npm\node_modules\slide\lib\async-map.js:51:8)
8 silly fetchPackageMetaData  error for generator-sm:ionicpage Error: Unsupported URL Type: generator-sm:ionicpage
8 silly fetchPackageMetaData     at parseUrl (C:\Program Files\nodejs\node_modules\npm\node_modules\npm-package-arg\npa.js:169:13)
8 silly fetchPackageMetaData     at npa (C:\Program Files\nodejs\node_modules\npm\node_modules\npm-package-arg\npa.js:75:12)
8 silly fetchPackageMetaData     at module.exports (C:\Program Files\nodejs\node_modules\npm\node_modules\realize-package-specifier\index.js:12:15)
8 silly fetchPackageMetaData     at fetchPackageMetadata (C:\Program Files\nodejs\node_modules\npm\lib\fetch-package-metadata.js:54:12)
8 silly fetchPackageMetaData     at C:\Program Files\nodejs\node_modules\npm\lib\install\deps.js:181:5
8 silly fetchPackageMetaData     at C:\Program Files\nodejs\node_modules\npm\node_modules\slide\lib\async-map.js:52:35
8 silly fetchPackageMetaData     at Array.forEach (native)
8 silly fetchPackageMetaData     at C:\Program Files\nodejs\node_modules\npm\node_modules\slide\lib\async-map.js:52:11
8 silly fetchPackageMetaData     at Array.forEach (native)
8 silly fetchPackageMetaData     at asyncMap (C:\Program Files\nodejs\node_modules\npm\node_modules\slide\lib\async-map.js:51:8)
9 silly rollbackFailedOptional Starting
10 silly rollbackFailedOptional Finishing
11 silly runTopLevelLifecycles Starting
12 silly runTopLevelLifecycles Finishing
13 silly install printInstalled
14 verbose stack Error: Unsupported URL Type: generator-sm:ionicpage
14 verbose stack     at parseUrl (C:\Program Files\nodejs\node_modules\npm\node_modules\npm-package-arg\npa.js:169:13)
14 verbose stack     at npa (C:\Program Files\nodejs\node_modules\npm\node_modules\npm-package-arg\npa.js:75:12)
14 verbose stack     at module.exports (C:\Program Files\nodejs\node_modules\npm\node_modules\realize-package-specifier\index.js:12:15)
14 verbose stack     at fetchPackageMetadata (C:\Program Files\nodejs\node_modules\npm\lib\fetch-package-metadata.js:54:12)
14 verbose stack     at C:\Program Files\nodejs\node_modules\npm\lib\install\deps.js:181:5
14 verbose stack     at C:\Program Files\nodejs\node_modules\npm\node_modules\slide\lib\async-map.js:52:35
14 verbose stack     at Array.forEach (native)
14 verbose stack     at C:\Program Files\nodejs\node_modules\npm\node_modules\slide\lib\async-map.js:52:11
14 verbose stack     at Array.forEach (native)
14 verbose stack     at asyncMap (C:\Program Files\nodejs\node_modules\npm\node_modules\slide\lib\async-map.js:51:8)
15 verbose cwd C:\Users\HARROUCH\Documents\Developpement\angular\ionic\elite-shedule-app
16 error Windows_NT 10.0.14393
17 error argv "C:\\Program Files\\nodejs\\node.exe" "C:\\Program Files\\nodejs\\node_modules\\npm\\bin\\npm-cli.js" "install" "generator-sm:ionicpage"
18 error node v6.1.0
19 error npm  v3.8.6
20 error Unsupported URL Type: generator-sm:ionicpage
21 error If you need help, you may report this error at:
21 error     <https://github.com/npm/npm/issues>
22 verbose exit [ 1, true ]
